<?xml version="1.0" encoding="UTF-8"?>
<!-- Generated by org.testng.reporters.JUnitXMLReporter -->
<testsuite ignored="0" hostname="DESKTOP-U80E17V" failures="0" tests="2" name="Default test" time="19.179" errors="0" timestamp="06 Jan 2024 21:56:03 GMT">
  <testcase classname="com.bootcamp_part1_Medium_submission.TNHomePageTest" name="homepageTest" time="0.055"/>
  <testcase classname="com.bootcamp_part1_Medium_submission.TNHomePageTest" name="navigateToHomePageAndVerifyElement" time="11.455"/>
</testsuite> <!-- Default test -->
