<?xml version="1.0" encoding="UTF-8"?>
<!-- Generated by org.testng.reporters.JUnitXMLReporter -->
<testsuite ignored="0" hostname="DESKTOP-U80E17V" failures="0" tests="4" name="Test" time="35.136" errors="0" timestamp="11 Jan 2024 01:59:00 GMT">
  <testcase classname="com.bootcamp_part1_Medium_submission.RegistrationTest" name="testSuccessfulRegistrationWithValidCredentials" time="0.874"/>
  <testcase classname="com.bootcamp_part1_Medium_submission.CheckoutPageTest" name="testAddProductToCartAndVerify" time="4.05"/>
  <testcase classname="com.bootcamp_part1_Medium_submission.TNHomePageTest" name="homepageTest" time="0.041"/>
  <testcase classname="com.bootcamp_part1_Medium_submission.TNHomePageTest" name="navigateToHomePageAndVerifyElement" time="14.692"/>
</testsuite> <!-- Test -->
