<?xml version="1.0" encoding="UTF-8"?>
<testng-results ignored="0" total="4" passed="4" failed="0" skipped="0">
  <reporter-output>
  </reporter-output>
  <suite started-at="2024-01-11T01:58:25Z" name="Suite" finished-at="2024-01-11T01:59:00Z" duration-ms="35136">
    <groups>
    </groups>
    <test started-at="2024-01-11T01:58:25Z" name="Test" finished-at="2024-01-11T01:59:00Z" duration-ms="35136">
      <class name="com.bootcamp_part1_Medium_submission.TNHomePageTest">
        <test-method is-config="true" signature="openHomepage()[pri:0, instance:com.bootcamp_part1_Medium_submission.TNHomePageTest@4a668b6e]" started-at="2024-01-10T20:58:38Z" name="openHomepage" finished-at="2024-01-10T20:58:42Z" duration-ms="3517" status="PASS">
          <reporter-output>
          </reporter-output>
        </test-method> <!-- openHomepage -->
        <test-method signature="homepageTest()[pri:1, instance:com.bootcamp_part1_Medium_submission.TNHomePageTest@4a668b6e]" started-at="2024-01-10T20:58:42Z" name="homepageTest" finished-at="2024-01-10T20:58:42Z" duration-ms="41" status="PASS">
          <reporter-output>
          </reporter-output>
        </test-method> <!-- homepageTest -->
        <test-method is-config="true" signature="closeBrowser()[pri:0, instance:com.bootcamp_part1_Medium_submission.TNHomePageTest@4a668b6e]" started-at="2024-01-10T20:58:42Z" name="closeBrowser" finished-at="2024-01-10T20:58:42Z" duration-ms="69" status="PASS">
          <reporter-output>
          </reporter-output>
        </test-method> <!-- closeBrowser -->
        <test-method is-config="true" signature="openHomepage()[pri:0, instance:com.bootcamp_part1_Medium_submission.TNHomePageTest@4a668b6e]" started-at="2024-01-10T20:58:42Z" name="openHomepage" finished-at="2024-01-10T20:58:46Z" duration-ms="3566" status="PASS">
          <reporter-output>
          </reporter-output>
        </test-method> <!-- openHomepage -->
        <test-method signature="navigateToHomePageAndVerifyElement()[pri:3, instance:com.bootcamp_part1_Medium_submission.TNHomePageTest@4a668b6e]" started-at="2024-01-10T20:58:46Z" name="navigateToHomePageAndVerifyElement" finished-at="2024-01-10T20:59:00Z" duration-ms="14692" status="PASS">
          <reporter-output>
          </reporter-output>
        </test-method> <!-- navigateToHomePageAndVerifyElement -->
        <test-method is-config="true" signature="closeBrowser()[pri:0, instance:com.bootcamp_part1_Medium_submission.TNHomePageTest@4a668b6e]" started-at="2024-01-10T20:59:00Z" name="closeBrowser" finished-at="2024-01-10T20:59:00Z" duration-ms="105" status="PASS">
          <reporter-output>
          </reporter-output>
        </test-method> <!-- closeBrowser -->
      </class> <!-- com.bootcamp_part1_Medium_submission.TNHomePageTest -->
      <class name="com.bootcamp_part1_Medium_submission.RegistrationTest">
        <test-method is-config="true" signature="setUp()[pri:0, instance:com.bootcamp_part1_Medium_submission.RegistrationTest@1fb700ee]" started-at="2024-01-10T20:58:25Z" name="setUp" finished-at="2024-01-10T20:58:29Z" duration-ms="3929" status="PASS">
          <reporter-output>
          </reporter-output>
        </test-method> <!-- setUp -->
        <test-method signature="testSuccessfulRegistrationWithValidCredentials()[pri:0, instance:com.bootcamp_part1_Medium_submission.RegistrationTest@1fb700ee]" started-at="2024-01-10T20:58:29Z" name="testSuccessfulRegistrationWithValidCredentials" finished-at="2024-01-10T20:58:30Z" duration-ms="874" status="PASS">
          <reporter-output>
          </reporter-output>
        </test-method> <!-- testSuccessfulRegistrationWithValidCredentials -->
        <test-method is-config="true" signature="tearDown()[pri:0, instance:com.bootcamp_part1_Medium_submission.RegistrationTest@1fb700ee]" started-at="2024-01-10T20:58:30Z" name="tearDown" finished-at="2024-01-10T20:58:30Z" duration-ms="93" status="PASS">
          <reporter-output>
          </reporter-output>
        </test-method> <!-- tearDown -->
      </class> <!-- com.bootcamp_part1_Medium_submission.RegistrationTest -->
      <class name="com.bootcamp_part1_Medium_submission.CheckoutPageTest">
        <test-method is-config="true" signature="setUp()[pri:0, instance:com.bootcamp_part1_Medium_submission.CheckoutPageTest@4f67eb2a]" started-at="2024-01-10T20:58:30Z" name="setUp" finished-at="2024-01-10T20:58:34Z" duration-ms="4103" status="PASS">
          <reporter-output>
          </reporter-output>
        </test-method> <!-- setUp -->
        <test-method signature="testAddProductToCartAndVerify()[pri:0, instance:com.bootcamp_part1_Medium_submission.CheckoutPageTest@4f67eb2a]" started-at="2024-01-10T20:58:34Z" name="testAddProductToCartAndVerify" finished-at="2024-01-10T20:58:38Z" duration-ms="4050" status="PASS">
          <reporter-output>
          </reporter-output>
        </test-method> <!-- testAddProductToCartAndVerify -->
        <test-method is-config="true" signature="tearDown()[pri:0, instance:com.bootcamp_part1_Medium_submission.CheckoutPageTest@4f67eb2a]" started-at="2024-01-10T20:58:38Z" name="tearDown" finished-at="2024-01-10T20:58:38Z" duration-ms="83" status="PASS">
          <reporter-output>
          </reporter-output>
        </test-method> <!-- tearDown -->
      </class> <!-- com.bootcamp_part1_Medium_submission.CheckoutPageTest -->
    </test> <!-- Test -->
  </suite> <!-- Suite -->
</testng-results>
